2016-07-04 08:08:34  [ main:1760 ] - [ INFO ]  Loading XML bean definitions from class path resource [applicationContext.xml]
2016-07-04 08:08:36  [ main:3918 ] - [ INFO ]  Refreshing org.springframework.context.support.GenericApplicationContext@1d057a39: startup date [Mon Jul 04 08:08:36 CST 2016]; root of context hierarchy
2016-07-04 08:08:38  [ main:5694 ] - [ INFO ]  HCANN000001: Hibernate Commons Annotations {4.0.1.Final}
2016-07-04 08:08:38  [ main:5749 ] - [ INFO ]  HHH000412: Hibernate Core {4.1.4.Final}
2016-07-04 08:08:38  [ main:5764 ] - [ INFO ]  HHH000206: hibernate.properties not found
2016-07-04 08:08:38  [ main:5780 ] - [ INFO ]  HHH000021: Bytecode provider name : javassist
2016-07-04 08:08:38  [ main:5934 ] - [ INFO ]  HHH000044: Configuring from URL: file:/C:/Users/Baum518/git/HealthB/target/classes/hibernate.cfg.xml
2016-07-04 08:08:38  [ main:6269 ] - [ INFO ]  HHH000041: Configured SessionFactory: null
2016-07-04 08:08:39  [ main:7190 ] - [ WARN ]  HHH000208: org.hibernate.connection.C3P0ConnectionProvider has been deprecated in favor of org.hibernate.service.jdbc.connections.internal.C3P0ConnectionProvider; that provider will be used instead.
2016-07-04 08:08:39  [ main:7195 ] - [ INFO ]  HHH000130: Instantiating explicit connection provider: org.hibernate.service.jdbc.connections.internal.C3P0ConnectionProvider
2016-07-04 08:08:39  [ main:7258 ] - [ INFO ]  HHH010002: C3P0 using driver: com.microsoft.sqlserver.jdbc.SQLServerDriver at URL: jdbc:sqlserver://120.27.7.232:1433;DatabaseName=testb;
2016-07-04 08:08:39  [ main:7261 ] - [ INFO ]  HHH000046: Connection properties: {autoReconnect=true, is-connection-validation-required=true, user=testb, password=****, autoReconnectForPools=true}
2016-07-04 08:08:39  [ main:7267 ] - [ INFO ]  HHH000006: Autocommit mode: false
2016-07-04 08:08:40  [ main:7925 ] - [ INFO ]  MLog clients using log4j logging.
2016-07-04 08:08:41  [ main:9067 ] - [ INFO ]  Initializing c3p0-0.9.1.2 [built 21-May-2007 15:04:56; debug? true; trace: 10]
2016-07-04 08:08:41  [ main:9466 ] - [ INFO ]  Initializing c3p0 pool... com.mchange.v2.c3p0.PoolBackedDataSource@d68f9b33 [ connectionPoolDataSource -> com.mchange.v2.c3p0.WrapperConnectionPoolDataSource@3ea05439 [ acquireIncrement -> 2, acquireRetryAttempts -> 30, acquireRetryDelay -> 1000, autoCommitOnClose -> false, automaticTestTable -> null, breakAfterAcquireFailure -> false, checkoutTimeout -> 0, connectionCustomizerClassName -> null, connectionTesterClassName -> com.mchange.v2.c3p0.impl.DefaultConnectionTester, debugUnreturnedConnectionStackTraces -> false, factoryClassLocation -> null, forceIgnoreUnresolvedTransactions -> false, identityToken -> 1mn1sm99h1dqc02m1pcqlp1|60df60da, idleConnectionTestPeriod -> 3000, initialPoolSize -> 3, maxAdministrativeTaskTime -> 0, maxConnectionAge -> 0, maxIdleTime -> 50000, maxIdleTimeExcessConnections -> 0, maxPoolSize -> 20, maxStatements -> 0, maxStatementsPerConnection -> 0, minPoolSize -> 5, nestedDataSource -> com.mchange.v2.c3p0.DriverManagerDataSource@11a99480 [ description -> null, driverClass -> null, factoryClassLocation -> null, identityToken -> 1mn1sm99h1dqc02m1pcqlp1|4b213651, jdbcUrl -> jdbc:sqlserver://120.27.7.232:1433;DatabaseName=testb;, properties -> {autoReconnect=true, is-connection-validation-required=true, user=******, password=******, autoReconnectForPools=true} ], preferredTestQuery -> null, propertyCycle -> 0, testConnectionOnCheckin -> false, testConnectionOnCheckout -> false, unreturnedConnectionTimeout -> 0, usesTraditionalReflectiveProxies -> false; userOverrides: {} ], dataSourceName -> null, factoryClassLocation -> null, identityToken -> 1mn1sm99h1dqc02m1pcqlp1|7b420819, numHelperThreads -> 3 ]
2016-07-04 08:08:46  [ main:13770 ] - [ INFO ]  HHH000400: Using dialect: org.hibernate.dialect.SQLServerDialect
2016-07-04 08:08:46  [ main:13845 ] - [ INFO ]  HHH000424: Disabling contextual LOB creation as createClob() method threw error : java.lang.reflect.InvocationTargetException
2016-07-04 08:08:46  [ main:13917 ] - [ INFO ]  HHH000399: Using default transaction strategy (direct JDBC transactions)
2016-07-04 08:08:46  [ main:13956 ] - [ INFO ]  HHH000397: Using ASTQueryTranslatorFactory
2016-07-04 08:08:47  [ main:14914 ] - [ INFO ]  HHH000228: Running hbm2ddl schema update
2016-07-04 08:08:47  [ main:14916 ] - [ INFO ]  HHH000102: Fetching database metadata
2016-07-04 08:08:47  [ main:14956 ] - [ INFO ]  HHH000396: Updating schema
2016-07-04 08:08:47  [ main:15170 ] - [ INFO ]  HHH000261: Table found: testb.dbo.tb_Device_Info
2016-07-04 08:08:47  [ main:15172 ] - [ INFO ]  HHH000037: Columns: [password, batchno, createtime, producer, simnumber, id, deviceid, deviceidwithchar, devicetype]
2016-07-04 08:08:47  [ main:15174 ] - [ INFO ]  HHH000108: Foreign keys: []
2016-07-04 08:08:47  [ main:15177 ] - [ INFO ]  HHH000126: Indexes: [pk__tb_devic__3214ec273c69fb99]
2016-07-04 08:08:47  [ main:15288 ] - [ INFO ]  HHH000261: Table found: testb.dbo.tb_Device_Type
2016-07-04 08:08:47  [ main:15291 ] - [ INFO ]  HHH000037: Columns: [devicename, id, devicetype]
2016-07-04 08:08:47  [ main:15293 ] - [ INFO ]  HHH000108: Foreign keys: []
2016-07-04 08:08:47  [ main:15296 ] - [ INFO ]  HHH000126: Indexes: [pk__tb_devic__3214ec273f466844]
2016-07-04 08:08:47  [ main:15416 ] - [ INFO ]  HHH000261: Table found: testb.dbo.tb_Record_BloodPressure
2016-07-04 08:08:47  [ main:15418 ] - [ INFO ]  HHH000037: Columns: [sbp, note, mnc, deletetime, heartrate, cellid, userid, deviceid, lac, deleteuserid, dbp, arrhythmia, mbp, id, isdelete, measuretime]
2016-07-04 08:08:47  [ main:15420 ] - [ INFO ]  HHH000108: Foreign keys: []
2016-07-04 08:08:47  [ main:15422 ] - [ INFO ]  HHH000126: Indexes: [pk__tb_recor__3214ec274222d4ef]
2016-07-04 08:08:47  [ main:15520 ] - [ INFO ]  HHH000261: Table found: testb.dbo.tb_User
2016-07-04 08:08:47  [ main:15522 ] - [ INFO ]  HHH000037: Columns: [createtime, shenfenzhengid, nickname, id, state, userid, registername, passwordmd5]
2016-07-04 08:08:47  [ main:15526 ] - [ INFO ]  HHH000108: Foreign keys: []
2016-07-04 08:08:47  [ main:15528 ] - [ INFO ]  HHH000126: Indexes: [pk__tb_user__3214ec2744ff419a]
2016-07-04 08:08:48  [ main:15632 ] - [ INFO ]  HHH000261: Table found: testb.dbo.tb_User_Device_Relation
2016-07-04 08:08:48  [ main:15634 ] - [ INFO ]  HHH000037: Columns: [note, createtime, unbinduserid, unbindtime, id, isunbind, userid, deviceid, deviceuser]
2016-07-04 08:08:48  [ main:15636 ] - [ INFO ]  HHH000108: Foreign keys: []
2016-07-04 08:08:48  [ main:15638 ] - [ INFO ]  HHH000126: Indexes: [pk__tb_user___3214ec2747dbae45]
2016-07-04 08:08:48  [ main:15747 ] - [ INFO ]  HHH000261: Table found: testb.dbo.tb_User_Info
2016-07-04 08:08:48  [ main:15749 ] - [ INFO ]  HHH000037: Columns: [country, phonenumber2, createtime, birthdate, phonenumber1, address, unsubcibetime, city, openid, medicalhistory, sex, language, userid, realname, realnamepy, province, mobilephone, headimgurl, subscibetime, unsubscibetime, id]
2016-07-04 08:08:48  [ main:15751 ] - [ INFO ]  HHH000108: Foreign keys: []
2016-07-04 08:08:48  [ main:15753 ] - [ INFO ]  HHH000126: Indexes: [pk__tb_user___3214ec274ab81af0]
2016-07-04 08:08:48  [ main:15759 ] - [ INFO ]  HHH000232: Schema update complete
2016-07-04 08:08:49  [ main:17207 ] - [ INFO ]  Using DataSource [com.mchange.v2.c3p0.PoolBackedDataSource@d68f9b33 [ connectionPoolDataSource -> com.mchange.v2.c3p0.WrapperConnectionPoolDataSource@3ea05439 [ acquireIncrement -> 2, acquireRetryAttempts -> 30, acquireRetryDelay -> 1000, autoCommitOnClose -> false, automaticTestTable -> null, breakAfterAcquireFailure -> false, checkoutTimeout -> 0, connectionCustomizerClassName -> null, connectionTesterClassName -> com.mchange.v2.c3p0.impl.DefaultConnectionTester, debugUnreturnedConnectionStackTraces -> false, factoryClassLocation -> null, forceIgnoreUnresolvedTransactions -> false, identityToken -> 1mn1sm99h1dqc02m1pcqlp1|60df60da, idleConnectionTestPeriod -> 3000, initialPoolSize -> 3, maxAdministrativeTaskTime -> 0, maxConnectionAge -> 0, maxIdleTime -> 50000, maxIdleTimeExcessConnections -> 0, maxPoolSize -> 20, maxStatements -> 0, maxStatementsPerConnection -> 0, minPoolSize -> 5, nestedDataSource -> com.mchange.v2.c3p0.DriverManagerDataSource@11a99480 [ description -> null, driverClass -> null, factoryClassLocation -> null, identityToken -> 1mn1sm99h1dqc02m1pcqlp1|4b213651, jdbcUrl -> jdbc:sqlserver://120.27.7.232:1433;DatabaseName=testb;, properties -> {autoReconnect=true, is-connection-validation-required=true, user=******, password=******, autoReconnectForPools=true} ], preferredTestQuery -> null, propertyCycle -> 0, testConnectionOnCheckin -> false, testConnectionOnCheckout -> false, unreturnedConnectionTimeout -> 0, usesTraditionalReflectiveProxies -> false; userOverrides: {} ], dataSourceName -> null, factoryClassLocation -> null, identityToken -> 1mn1sm99h1dqc02m1pcqlp1|7b420819, numHelperThreads -> 3 ]] of Hibernate SessionFactory for HibernateTransactionManager
2016-07-04 08:08:52  [ Thread-5:20393 ] - [ INFO ]  Closing org.springframework.context.support.GenericApplicationContext@1d057a39: startup date [Mon Jul 04 08:08:36 CST 2016]; root of context hierarchy
